ビルドしています...
[40m[32minfo[39m[22m[49m: Microsoft.Hosting.Lifetime[14]
      Now listening on: http://0.0.0.0:5033
[40m[32minfo[39m[22m[49m: Microsoft.Hosting.Lifetime[14]
      Now listening on: https://0.0.0.0:7107
[40m[32minfo[39m[22m[49m: Microsoft.Hosting.Lifetime[0]
      Application started. Press Ctrl+C to shut down.
[40m[32minfo[39m[22m[49m: Microsoft.Hosting.Lifetime[0]
      Hosting environment: Development
[40m[32minfo[39m[22m[49m: Microsoft.Hosting.Lifetime[0]
      Content root path: /home/dotnet/Grpc/GrpcServer/
-----手動実行クライアント接続完了-----
-----手動実行クライアント接続完了-----
-----手動実行クライアント接続完了-----
-----自動実行接続完了-----
-----自動実行接続完了-----
-----自動実行接続完了-----
-----手動実行Ex2クライアント接続完了-----
-----手動実行コンテナ接続完了-----
コンテナ作成に失敗しましたリトライします。
コンテナに接続できました。
sjisでエンコードする場合はjavacs、UTF-8でエンコードする場合はjavacuと入力してください
data>bash: $'\343\201\247\357\275\221': command not found
data>-----手動実行Ex2クライアント接続完了-----
-----手動実行コンテナ接続完了-----
コンテナ作成に失敗しましたリトライします。
コンテナに接続できました。
sjisでエンコードする場合はjavacs、UTF-8でエンコードする場合はjavacuと入力してください
data>